ARM GAS  C:\Users\DELL\AppData\Local\Temp\ccHPEYVZ.s 			page 1


   1              		.cpu cortex-m4
   2              		.arch armv7e-m
   3              		.fpu fpv4-sp-d16
   4              		.eabi_attribute 27, 1
   5              		.eabi_attribute 28, 1
   6              		.eabi_attribute 20, 1
   7              		.eabi_attribute 21, 1
   8              		.eabi_attribute 23, 3
   9              		.eabi_attribute 24, 1
  10              		.eabi_attribute 25, 1
  11              		.eabi_attribute 26, 1
  12              		.eabi_attribute 30, 1
  13              		.eabi_attribute 34, 1
  14              		.eabi_attribute 18, 4
  15              		.file	"gpio.c"
  16              		.text
  17              	.Ltext0:
  18              		.cfi_sections	.debug_frame
  19              		.file 1 "Core/Src/gpio.c"
  20              		.section	.text.MX_GPIO_Init,"ax",%progbits
  21              		.align	1
  22              		.global	MX_GPIO_Init
  23              		.syntax unified
  24              		.thumb
  25              		.thumb_func
  27              	MX_GPIO_Init:
  28              	.LFB134:
   1:Core/Src/gpio.c **** /* USER CODE BEGIN Header */
   2:Core/Src/gpio.c **** /**
   3:Core/Src/gpio.c ****   ******************************************************************************
   4:Core/Src/gpio.c ****   * @file    gpio.c
   5:Core/Src/gpio.c ****   * @brief   This file provides code for the configuration
   6:Core/Src/gpio.c ****   *          of all used GPIO pins.
   7:Core/Src/gpio.c ****   ******************************************************************************
   8:Core/Src/gpio.c ****   * @attention
   9:Core/Src/gpio.c ****   *
  10:Core/Src/gpio.c ****   * Copyright (c) 2026 STMicroelectronics.
  11:Core/Src/gpio.c ****   * All rights reserved.
  12:Core/Src/gpio.c ****   *
  13:Core/Src/gpio.c ****   * This software is licensed under terms that can be found in the LICENSE file
  14:Core/Src/gpio.c ****   * in the root directory of this software component.
  15:Core/Src/gpio.c ****   * If no LICENSE file comes with this software, it is provided AS-IS.
  16:Core/Src/gpio.c ****   *
  17:Core/Src/gpio.c ****   ******************************************************************************
  18:Core/Src/gpio.c ****   */
  19:Core/Src/gpio.c **** /* USER CODE END Header */
  20:Core/Src/gpio.c **** 
  21:Core/Src/gpio.c **** /* Includes ------------------------------------------------------------------*/
  22:Core/Src/gpio.c **** #include "gpio.h"
  23:Core/Src/gpio.c **** 
  24:Core/Src/gpio.c **** /* USER CODE BEGIN 0 */
  25:Core/Src/gpio.c **** 
  26:Core/Src/gpio.c **** /* USER CODE END 0 */
  27:Core/Src/gpio.c **** 
  28:Core/Src/gpio.c **** /*----------------------------------------------------------------------------*/
  29:Core/Src/gpio.c **** /* Configure GPIO                                                             */
  30:Core/Src/gpio.c **** /*----------------------------------------------------------------------------*/
ARM GAS  C:\Users\DELL\AppData\Local\Temp\ccHPEYVZ.s 			page 2


  31:Core/Src/gpio.c **** /* USER CODE BEGIN 1 */
  32:Core/Src/gpio.c **** 
  33:Core/Src/gpio.c **** /* USER CODE END 1 */
  34:Core/Src/gpio.c **** 
  35:Core/Src/gpio.c **** /** Configure pins as
  36:Core/Src/gpio.c ****         * Analog
  37:Core/Src/gpio.c ****         * Input
  38:Core/Src/gpio.c ****         * Output
  39:Core/Src/gpio.c ****         * EVENT_OUT
  40:Core/Src/gpio.c ****         * EXTI
  41:Core/Src/gpio.c **** */
  42:Core/Src/gpio.c **** void MX_GPIO_Init(void)
  43:Core/Src/gpio.c **** {
  29              		.loc 1 43 1 view -0
  30              		.cfi_startproc
  31              		@ args = 0, pretend = 0, frame = 40
  32              		@ frame_needed = 0, uses_anonymous_args = 0
  33 0000 2DE9F041 		push	{r4, r5, r6, r7, r8, lr}
  34              	.LCFI0:
  35              		.cfi_def_cfa_offset 24
  36              		.cfi_offset 4, -24
  37              		.cfi_offset 5, -20
  38              		.cfi_offset 6, -16
  39              		.cfi_offset 7, -12
  40              		.cfi_offset 8, -8
  41              		.cfi_offset 14, -4
  42 0004 8AB0     		sub	sp, sp, #40
  43              	.LCFI1:
  44              		.cfi_def_cfa_offset 64
  44:Core/Src/gpio.c **** 
  45:Core/Src/gpio.c ****   GPIO_InitTypeDef GPIO_InitStruct = {0};
  45              		.loc 1 45 3 view .LVU1
  46              		.loc 1 45 20 is_stmt 0 view .LVU2
  47 0006 05AD     		add	r5, sp, #20
  48 0008 0024     		movs	r4, #0
  49 000a 0594     		str	r4, [sp, #20]
  50 000c 0694     		str	r4, [sp, #24]
  51 000e 0794     		str	r4, [sp, #28]
  52 0010 0894     		str	r4, [sp, #32]
  53 0012 0994     		str	r4, [sp, #36]
  46:Core/Src/gpio.c **** 
  47:Core/Src/gpio.c ****   /* GPIO Ports Clock Enable */
  48:Core/Src/gpio.c ****   __HAL_RCC_GPIOH_CLK_ENABLE();
  54              		.loc 1 48 3 is_stmt 1 view .LVU3
  55              	.LBB2:
  56              		.loc 1 48 3 view .LVU4
  57 0014 0094     		str	r4, [sp]
  58              		.loc 1 48 3 view .LVU5
  59 0016 384B     		ldr	r3, .L3
  60 0018 1A6B     		ldr	r2, [r3, #48]
  61 001a 42F08002 		orr	r2, r2, #128
  62 001e 1A63     		str	r2, [r3, #48]
  63              		.loc 1 48 3 view .LVU6
  64 0020 1A6B     		ldr	r2, [r3, #48]
  65 0022 02F08002 		and	r2, r2, #128
  66 0026 0092     		str	r2, [sp]
  67              		.loc 1 48 3 view .LVU7
ARM GAS  C:\Users\DELL\AppData\Local\Temp\ccHPEYVZ.s 			page 3


  68 0028 009A     		ldr	r2, [sp]
  69              	.LBE2:
  70              		.loc 1 48 3 view .LVU8
  49:Core/Src/gpio.c ****   __HAL_RCC_GPIOA_CLK_ENABLE();
  71              		.loc 1 49 3 view .LVU9
  72              	.LBB3:
  73              		.loc 1 49 3 view .LVU10
  74 002a 0194     		str	r4, [sp, #4]
  75              		.loc 1 49 3 view .LVU11
  76 002c 1A6B     		ldr	r2, [r3, #48]
  77 002e 42F00102 		orr	r2, r2, #1
  78 0032 1A63     		str	r2, [r3, #48]
  79              		.loc 1 49 3 view .LVU12
  80 0034 1A6B     		ldr	r2, [r3, #48]
  81 0036 02F00102 		and	r2, r2, #1
  82 003a 0192     		str	r2, [sp, #4]
  83              		.loc 1 49 3 view .LVU13
  84 003c 019A     		ldr	r2, [sp, #4]
  85              	.LBE3:
  86              		.loc 1 49 3 view .LVU14
  50:Core/Src/gpio.c ****   __HAL_RCC_GPIOC_CLK_ENABLE();
  87              		.loc 1 50 3 view .LVU15
  88              	.LBB4:
  89              		.loc 1 50 3 view .LVU16
  90 003e 0294     		str	r4, [sp, #8]
  91              		.loc 1 50 3 view .LVU17
  92 0040 1A6B     		ldr	r2, [r3, #48]
  93 0042 42F00402 		orr	r2, r2, #4
  94 0046 1A63     		str	r2, [r3, #48]
  95              		.loc 1 50 3 view .LVU18
  96 0048 1A6B     		ldr	r2, [r3, #48]
  97 004a 02F00402 		and	r2, r2, #4
  98 004e 0292     		str	r2, [sp, #8]
  99              		.loc 1 50 3 view .LVU19
 100 0050 029A     		ldr	r2, [sp, #8]
 101              	.LBE4:
 102              		.loc 1 50 3 view .LVU20
  51:Core/Src/gpio.c ****   __HAL_RCC_GPIOB_CLK_ENABLE();
 103              		.loc 1 51 3 view .LVU21
 104              	.LBB5:
 105              		.loc 1 51 3 view .LVU22
 106 0052 0394     		str	r4, [sp, #12]
 107              		.loc 1 51 3 view .LVU23
 108 0054 1A6B     		ldr	r2, [r3, #48]
 109 0056 42F00202 		orr	r2, r2, #2
 110 005a 1A63     		str	r2, [r3, #48]
 111              		.loc 1 51 3 view .LVU24
 112 005c 1A6B     		ldr	r2, [r3, #48]
 113 005e 02F00202 		and	r2, r2, #2
 114 0062 0392     		str	r2, [sp, #12]
 115              		.loc 1 51 3 view .LVU25
 116 0064 039A     		ldr	r2, [sp, #12]
 117              	.LBE5:
 118              		.loc 1 51 3 view .LVU26
  52:Core/Src/gpio.c ****   __HAL_RCC_GPIOD_CLK_ENABLE();
 119              		.loc 1 52 3 view .LVU27
 120              	.LBB6:
ARM GAS  C:\Users\DELL\AppData\Local\Temp\ccHPEYVZ.s 			page 4


 121              		.loc 1 52 3 view .LVU28
 122 0066 0494     		str	r4, [sp, #16]
 123              		.loc 1 52 3 view .LVU29
 124 0068 1A6B     		ldr	r2, [r3, #48]
 125 006a 42F00802 		orr	r2, r2, #8
 126 006e 1A63     		str	r2, [r3, #48]
 127              		.loc 1 52 3 view .LVU30
 128 0070 1B6B     		ldr	r3, [r3, #48]
 129 0072 03F00803 		and	r3, r3, #8
 130 0076 0493     		str	r3, [sp, #16]
 131              		.loc 1 52 3 view .LVU31
 132 0078 049B     		ldr	r3, [sp, #16]
 133              	.LBE6:
 134              		.loc 1 52 3 view .LVU32
  53:Core/Src/gpio.c **** 
  54:Core/Src/gpio.c ****   /*Configure GPIO pin Output Level */
  55:Core/Src/gpio.c ****   HAL_GPIO_WritePin(GPIOA, GPIO_PIN_4, GPIO_PIN_RESET);
 135              		.loc 1 55 3 view .LVU33
 136 007a DFF88880 		ldr	r8, .L3+12
 137 007e 2246     		mov	r2, r4
 138 0080 1021     		movs	r1, #16
 139 0082 4046     		mov	r0, r8
 140 0084 FFF7FEFF 		bl	HAL_GPIO_WritePin
 141              	.LVL0:
  56:Core/Src/gpio.c **** 
  57:Core/Src/gpio.c ****   /*Configure GPIO pin Output Level */
  58:Core/Src/gpio.c ****   HAL_GPIO_WritePin(GPIOC, GPIO_PIN_4|GPIO_PIN_5, GPIO_PIN_RESET);
 142              		.loc 1 58 3 view .LVU34
 143 0088 1C4E     		ldr	r6, .L3+4
 144 008a 2246     		mov	r2, r4
 145 008c 3021     		movs	r1, #48
 146 008e 3046     		mov	r0, r6
 147 0090 FFF7FEFF 		bl	HAL_GPIO_WritePin
 148              	.LVL1:
  59:Core/Src/gpio.c **** 
  60:Core/Src/gpio.c ****   /*Configure GPIO pin : PA4 */
  61:Core/Src/gpio.c ****   GPIO_InitStruct.Pin = GPIO_PIN_4;
 149              		.loc 1 61 3 view .LVU35
 150              		.loc 1 61 23 is_stmt 0 view .LVU36
 151 0094 1023     		movs	r3, #16
 152 0096 0593     		str	r3, [sp, #20]
  62:Core/Src/gpio.c ****   GPIO_InitStruct.Mode = GPIO_MODE_OUTPUT_PP;
 153              		.loc 1 62 3 is_stmt 1 view .LVU37
 154              		.loc 1 62 24 is_stmt 0 view .LVU38
 155 0098 0127     		movs	r7, #1
 156 009a 0697     		str	r7, [sp, #24]
  63:Core/Src/gpio.c ****   GPIO_InitStruct.Pull = GPIO_NOPULL;
 157              		.loc 1 63 3 is_stmt 1 view .LVU39
 158              		.loc 1 63 24 is_stmt 0 view .LVU40
 159 009c 0794     		str	r4, [sp, #28]
  64:Core/Src/gpio.c ****   GPIO_InitStruct.Speed = GPIO_SPEED_FREQ_LOW;
 160              		.loc 1 64 3 is_stmt 1 view .LVU41
 161              		.loc 1 64 25 is_stmt 0 view .LVU42
 162 009e 0894     		str	r4, [sp, #32]
  65:Core/Src/gpio.c ****   HAL_GPIO_Init(GPIOA, &GPIO_InitStruct);
 163              		.loc 1 65 3 is_stmt 1 view .LVU43
 164 00a0 2946     		mov	r1, r5
ARM GAS  C:\Users\DELL\AppData\Local\Temp\ccHPEYVZ.s 			page 5


 165 00a2 4046     		mov	r0, r8
 166 00a4 FFF7FEFF 		bl	HAL_GPIO_Init
 167              	.LVL2:
  66:Core/Src/gpio.c **** 
  67:Core/Src/gpio.c ****   /*Configure GPIO pins : PC4 PC5 */
  68:Core/Src/gpio.c ****   GPIO_InitStruct.Pin = GPIO_PIN_4|GPIO_PIN_5;
 168              		.loc 1 68 3 view .LVU44
 169              		.loc 1 68 23 is_stmt 0 view .LVU45
 170 00a8 3023     		movs	r3, #48
 171 00aa 0593     		str	r3, [sp, #20]
  69:Core/Src/gpio.c ****   GPIO_InitStruct.Mode = GPIO_MODE_OUTPUT_PP;
 172              		.loc 1 69 3 is_stmt 1 view .LVU46
 173              		.loc 1 69 24 is_stmt 0 view .LVU47
 174 00ac 0697     		str	r7, [sp, #24]
  70:Core/Src/gpio.c ****   GPIO_InitStruct.Pull = GPIO_NOPULL;
 175              		.loc 1 70 3 is_stmt 1 view .LVU48
 176              		.loc 1 70 24 is_stmt 0 view .LVU49
 177 00ae 0794     		str	r4, [sp, #28]
  71:Core/Src/gpio.c ****   GPIO_InitStruct.Speed = GPIO_SPEED_FREQ_LOW;
 178              		.loc 1 71 3 is_stmt 1 view .LVU50
 179              		.loc 1 71 25 is_stmt 0 view .LVU51
 180 00b0 0894     		str	r4, [sp, #32]
  72:Core/Src/gpio.c ****   HAL_GPIO_Init(GPIOC, &GPIO_InitStruct);
 181              		.loc 1 72 3 is_stmt 1 view .LVU52
 182 00b2 2946     		mov	r1, r5
 183 00b4 3046     		mov	r0, r6
 184 00b6 FFF7FEFF 		bl	HAL_GPIO_Init
 185              	.LVL3:
  73:Core/Src/gpio.c **** 
  74:Core/Src/gpio.c ****   /*Configure GPIO pins : PB0 PB1 */
  75:Core/Src/gpio.c ****   GPIO_InitStruct.Pin = GPIO_PIN_0|GPIO_PIN_1;
 186              		.loc 1 75 3 view .LVU53
 187              		.loc 1 75 23 is_stmt 0 view .LVU54
 188 00ba 0323     		movs	r3, #3
 189 00bc 0593     		str	r3, [sp, #20]
  76:Core/Src/gpio.c ****   GPIO_InitStruct.Mode = GPIO_MODE_IT_RISING;
 190              		.loc 1 76 3 is_stmt 1 view .LVU55
 191              		.loc 1 76 24 is_stmt 0 view .LVU56
 192 00be 4FF48813 		mov	r3, #1114112
 193 00c2 0693     		str	r3, [sp, #24]
  77:Core/Src/gpio.c ****   GPIO_InitStruct.Pull = GPIO_PULLDOWN;
 194              		.loc 1 77 3 is_stmt 1 view .LVU57
 195              		.loc 1 77 24 is_stmt 0 view .LVU58
 196 00c4 0223     		movs	r3, #2
 197 00c6 0793     		str	r3, [sp, #28]
  78:Core/Src/gpio.c ****   HAL_GPIO_Init(GPIOB, &GPIO_InitStruct);
 198              		.loc 1 78 3 is_stmt 1 view .LVU59
 199 00c8 2946     		mov	r1, r5
 200 00ca 0D48     		ldr	r0, .L3+8
 201 00cc FFF7FEFF 		bl	HAL_GPIO_Init
 202              	.LVL4:
  79:Core/Src/gpio.c **** 
  80:Core/Src/gpio.c ****   /* EXTI interrupt init*/
  81:Core/Src/gpio.c ****   HAL_NVIC_SetPriority(EXTI0_IRQn, 6, 0);
 203              		.loc 1 81 3 view .LVU60
 204 00d0 2246     		mov	r2, r4
 205 00d2 0621     		movs	r1, #6
ARM GAS  C:\Users\DELL\AppData\Local\Temp\ccHPEYVZ.s 			page 6


 206 00d4 0846     		mov	r0, r1
 207 00d6 FFF7FEFF 		bl	HAL_NVIC_SetPriority
 208              	.LVL5:
  82:Core/Src/gpio.c ****   HAL_NVIC_EnableIRQ(EXTI0_IRQn);
 209              		.loc 1 82 3 view .LVU61
 210 00da 0620     		movs	r0, #6
 211 00dc FFF7FEFF 		bl	HAL_NVIC_EnableIRQ
 212              	.LVL6:
  83:Core/Src/gpio.c **** 
  84:Core/Src/gpio.c ****   HAL_NVIC_SetPriority(EXTI1_IRQn, 6, 0);
 213              		.loc 1 84 3 view .LVU62
 214 00e0 2246     		mov	r2, r4
 215 00e2 0621     		movs	r1, #6
 216 00e4 0720     		movs	r0, #7
 217 00e6 FFF7FEFF 		bl	HAL_NVIC_SetPriority
 218              	.LVL7:
  85:Core/Src/gpio.c ****   HAL_NVIC_EnableIRQ(EXTI1_IRQn);
 219              		.loc 1 85 3 view .LVU63
 220 00ea 0720     		movs	r0, #7
 221 00ec FFF7FEFF 		bl	HAL_NVIC_EnableIRQ
 222              	.LVL8:
  86:Core/Src/gpio.c **** 
  87:Core/Src/gpio.c **** }
 223              		.loc 1 87 1 is_stmt 0 view .LVU64
 224 00f0 0AB0     		add	sp, sp, #40
 225              	.LCFI2:
 226              		.cfi_def_cfa_offset 24
 227              		@ sp needed
 228 00f2 BDE8F081 		pop	{r4, r5, r6, r7, r8, pc}
 229              	.L4:
 230 00f6 00BF     		.align	2
 231              	.L3:
 232 00f8 00380240 		.word	1073887232
 233 00fc 00080240 		.word	1073874944
 234 0100 00040240 		.word	1073873920
 235 0104 00000240 		.word	1073872896
 236              		.cfi_endproc
 237              	.LFE134:
 239              		.text
 240              	.Letext0:
 241              		.file 2 "Drivers/CMSIS/Device/ST/STM32F4xx/Include/stm32f407xx.h"
 242              		.file 3 "D:\\stm32cubeclt\\STM32CubeCLT_1.21.0\\GNU-tools-for-STM32\\bin\\../lib/gcc/arm-none-eabi
 243              		.file 4 "D:\\stm32cubeclt\\STM32CubeCLT_1.21.0\\GNU-tools-for-STM32\\bin\\../lib/gcc/arm-none-eabi
 244              		.file 5 "Drivers/STM32F4xx_HAL_Driver/Inc/stm32f4xx_hal_gpio.h"
 245              		.file 6 "Drivers/STM32F4xx_HAL_Driver/Inc/stm32f4xx_hal_cortex.h"
ARM GAS  C:\Users\DELL\AppData\Local\Temp\ccHPEYVZ.s 			page 7


DEFINED SYMBOLS
                            *ABS*:00000000 gpio.c
C:\Users\DELL\AppData\Local\Temp\ccHPEYVZ.s:21     .text.MX_GPIO_Init:00000000 $t
C:\Users\DELL\AppData\Local\Temp\ccHPEYVZ.s:27     .text.MX_GPIO_Init:00000000 MX_GPIO_Init
C:\Users\DELL\AppData\Local\Temp\ccHPEYVZ.s:232    .text.MX_GPIO_Init:000000f8 $d

UNDEFINED SYMBOLS
HAL_GPIO_WritePin
HAL_GPIO_Init
HAL_NVIC_SetPriority
HAL_NVIC_EnableIRQ
