ARM GAS  C:\Users\DELL\AppData\Local\Temp\ccDjAice.s 			page 1


   1              		.cpu cortex-m4
   2              		.arch armv7e-m
   3              		.fpu fpv4-sp-d16
   4              		.eabi_attribute 27, 1
   5              		.eabi_attribute 28, 1
   6              		.eabi_attribute 20, 1
   7              		.eabi_attribute 21, 1
   8              		.eabi_attribute 23, 3
   9              		.eabi_attribute 24, 1
  10              		.eabi_attribute 25, 1
  11              		.eabi_attribute 26, 1
  12              		.eabi_attribute 30, 1
  13              		.eabi_attribute 34, 1
  14              		.eabi_attribute 18, 4
  15              		.file	"spi.c"
  16              		.text
  17              	.Ltext0:
  18              		.cfi_sections	.debug_frame
  19              		.file 1 "Core/Src/spi.c"
  20              		.section	.text.MX_SPI1_Init,"ax",%progbits
  21              		.align	1
  22              		.global	MX_SPI1_Init
  23              		.syntax unified
  24              		.thumb
  25              		.thumb_func
  27              	MX_SPI1_Init:
  28              	.LFB134:
   1:Core/Src/spi.c **** /* USER CODE BEGIN Header */
   2:Core/Src/spi.c **** /**
   3:Core/Src/spi.c ****   ******************************************************************************
   4:Core/Src/spi.c ****   * @file    spi.c
   5:Core/Src/spi.c ****   * @brief   This file provides code for the configuration
   6:Core/Src/spi.c ****   *          of the SPI instances.
   7:Core/Src/spi.c ****   ******************************************************************************
   8:Core/Src/spi.c ****   * @attention
   9:Core/Src/spi.c ****   *
  10:Core/Src/spi.c ****   * Copyright (c) 2026 STMicroelectronics.
  11:Core/Src/spi.c ****   * All rights reserved.
  12:Core/Src/spi.c ****   *
  13:Core/Src/spi.c ****   * This software is licensed under terms that can be found in the LICENSE file
  14:Core/Src/spi.c ****   * in the root directory of this software component.
  15:Core/Src/spi.c ****   * If no LICENSE file comes with this software, it is provided AS-IS.
  16:Core/Src/spi.c ****   *
  17:Core/Src/spi.c ****   ******************************************************************************
  18:Core/Src/spi.c ****   */
  19:Core/Src/spi.c **** /* USER CODE END Header */
  20:Core/Src/spi.c **** /* Includes ------------------------------------------------------------------*/
  21:Core/Src/spi.c **** #include "spi.h"
  22:Core/Src/spi.c **** 
  23:Core/Src/spi.c **** /* USER CODE BEGIN 0 */
  24:Core/Src/spi.c **** 
  25:Core/Src/spi.c **** /* USER CODE END 0 */
  26:Core/Src/spi.c **** 
  27:Core/Src/spi.c **** SPI_HandleTypeDef hspi1;
  28:Core/Src/spi.c **** 
  29:Core/Src/spi.c **** /* SPI1 init function */
  30:Core/Src/spi.c **** void MX_SPI1_Init(void)
ARM GAS  C:\Users\DELL\AppData\Local\Temp\ccDjAice.s 			page 2


  31:Core/Src/spi.c **** {
  29              		.loc 1 31 1 view -0
  30              		.cfi_startproc
  31              		@ args = 0, pretend = 0, frame = 0
  32              		@ frame_needed = 0, uses_anonymous_args = 0
  33 0000 08B5     		push	{r3, lr}
  34              	.LCFI0:
  35              		.cfi_def_cfa_offset 8
  36              		.cfi_offset 3, -8
  37              		.cfi_offset 14, -4
  32:Core/Src/spi.c **** 
  33:Core/Src/spi.c ****   /* USER CODE BEGIN SPI1_Init 0 */
  34:Core/Src/spi.c **** 
  35:Core/Src/spi.c ****   /* USER CODE END SPI1_Init 0 */
  36:Core/Src/spi.c **** 
  37:Core/Src/spi.c ****   /* USER CODE BEGIN SPI1_Init 1 */
  38:Core/Src/spi.c **** 
  39:Core/Src/spi.c ****   /* USER CODE END SPI1_Init 1 */
  40:Core/Src/spi.c ****   hspi1.Instance = SPI1;
  38              		.loc 1 40 3 view .LVU1
  39              		.loc 1 40 18 is_stmt 0 view .LVU2
  40 0002 0F48     		ldr	r0, .L5
  41 0004 0F4B     		ldr	r3, .L5+4
  42 0006 0360     		str	r3, [r0]
  41:Core/Src/spi.c ****   hspi1.Init.Mode = SPI_MODE_MASTER;
  43              		.loc 1 41 3 is_stmt 1 view .LVU3
  44              		.loc 1 41 19 is_stmt 0 view .LVU4
  45 0008 4FF48273 		mov	r3, #260
  46 000c 4360     		str	r3, [r0, #4]
  42:Core/Src/spi.c ****   hspi1.Init.Direction = SPI_DIRECTION_2LINES;
  47              		.loc 1 42 3 is_stmt 1 view .LVU5
  48              		.loc 1 42 24 is_stmt 0 view .LVU6
  49 000e 0023     		movs	r3, #0
  50 0010 8360     		str	r3, [r0, #8]
  43:Core/Src/spi.c ****   hspi1.Init.DataSize = SPI_DATASIZE_8BIT;
  51              		.loc 1 43 3 is_stmt 1 view .LVU7
  52              		.loc 1 43 23 is_stmt 0 view .LVU8
  53 0012 C360     		str	r3, [r0, #12]
  44:Core/Src/spi.c ****   hspi1.Init.CLKPolarity = SPI_POLARITY_HIGH;
  54              		.loc 1 44 3 is_stmt 1 view .LVU9
  55              		.loc 1 44 26 is_stmt 0 view .LVU10
  56 0014 0222     		movs	r2, #2
  57 0016 0261     		str	r2, [r0, #16]
  45:Core/Src/spi.c ****   hspi1.Init.CLKPhase = SPI_PHASE_2EDGE;
  58              		.loc 1 45 3 is_stmt 1 view .LVU11
  59              		.loc 1 45 23 is_stmt 0 view .LVU12
  60 0018 0122     		movs	r2, #1
  61 001a 4261     		str	r2, [r0, #20]
  46:Core/Src/spi.c ****   hspi1.Init.NSS = SPI_NSS_SOFT;
  62              		.loc 1 46 3 is_stmt 1 view .LVU13
  63              		.loc 1 46 18 is_stmt 0 view .LVU14
  64 001c 4FF40072 		mov	r2, #512
  65 0020 8261     		str	r2, [r0, #24]
  47:Core/Src/spi.c ****   hspi1.Init.BaudRatePrescaler = SPI_BAUDRATEPRESCALER_32;
  66              		.loc 1 47 3 is_stmt 1 view .LVU15
  67              		.loc 1 47 32 is_stmt 0 view .LVU16
  68 0022 2022     		movs	r2, #32
ARM GAS  C:\Users\DELL\AppData\Local\Temp\ccDjAice.s 			page 3


  69 0024 C261     		str	r2, [r0, #28]
  48:Core/Src/spi.c ****   hspi1.Init.FirstBit = SPI_FIRSTBIT_MSB;
  70              		.loc 1 48 3 is_stmt 1 view .LVU17
  71              		.loc 1 48 23 is_stmt 0 view .LVU18
  72 0026 0362     		str	r3, [r0, #32]
  49:Core/Src/spi.c ****   hspi1.Init.TIMode = SPI_TIMODE_DISABLE;
  73              		.loc 1 49 3 is_stmt 1 view .LVU19
  74              		.loc 1 49 21 is_stmt 0 view .LVU20
  75 0028 4362     		str	r3, [r0, #36]
  50:Core/Src/spi.c ****   hspi1.Init.CRCCalculation = SPI_CRCCALCULATION_DISABLE;
  76              		.loc 1 50 3 is_stmt 1 view .LVU21
  77              		.loc 1 50 29 is_stmt 0 view .LVU22
  78 002a 8362     		str	r3, [r0, #40]
  51:Core/Src/spi.c ****   hspi1.Init.CRCPolynomial = 10;
  79              		.loc 1 51 3 is_stmt 1 view .LVU23
  80              		.loc 1 51 28 is_stmt 0 view .LVU24
  81 002c 0A23     		movs	r3, #10
  82 002e C362     		str	r3, [r0, #44]
  52:Core/Src/spi.c ****   if (HAL_SPI_Init(&hspi1) != HAL_OK)
  83              		.loc 1 52 3 is_stmt 1 view .LVU25
  84              		.loc 1 52 7 is_stmt 0 view .LVU26
  85 0030 FFF7FEFF 		bl	HAL_SPI_Init
  86              	.LVL0:
  87              		.loc 1 52 6 discriminator 1 view .LVU27
  88 0034 00B9     		cbnz	r0, .L4
  89              	.L1:
  53:Core/Src/spi.c ****   {
  54:Core/Src/spi.c ****     Error_Handler();
  55:Core/Src/spi.c ****   }
  56:Core/Src/spi.c ****   /* USER CODE BEGIN SPI1_Init 2 */
  57:Core/Src/spi.c **** 
  58:Core/Src/spi.c ****   /* USER CODE END SPI1_Init 2 */
  59:Core/Src/spi.c **** 
  60:Core/Src/spi.c **** }
  90              		.loc 1 60 1 view .LVU28
  91 0036 08BD     		pop	{r3, pc}
  92              	.L4:
  54:Core/Src/spi.c ****   }
  93              		.loc 1 54 5 is_stmt 1 view .LVU29
  94 0038 FFF7FEFF 		bl	Error_Handler
  95              	.LVL1:
  96              		.loc 1 60 1 is_stmt 0 view .LVU30
  97 003c FBE7     		b	.L1
  98              	.L6:
  99 003e 00BF     		.align	2
 100              	.L5:
 101 0040 00000000 		.word	hspi1
 102 0044 00300140 		.word	1073819648
 103              		.cfi_endproc
 104              	.LFE134:
 106              		.section	.text.HAL_SPI_MspInit,"ax",%progbits
 107              		.align	1
 108              		.global	HAL_SPI_MspInit
 109              		.syntax unified
 110              		.thumb
 111              		.thumb_func
 113              	HAL_SPI_MspInit:
ARM GAS  C:\Users\DELL\AppData\Local\Temp\ccDjAice.s 			page 4


 114              	.LVL2:
 115              	.LFB135:
  61:Core/Src/spi.c **** 
  62:Core/Src/spi.c **** void HAL_SPI_MspInit(SPI_HandleTypeDef* spiHandle)
  63:Core/Src/spi.c **** {
 116              		.loc 1 63 1 is_stmt 1 view -0
 117              		.cfi_startproc
 118              		@ args = 0, pretend = 0, frame = 32
 119              		@ frame_needed = 0, uses_anonymous_args = 0
 120              		.loc 1 63 1 is_stmt 0 view .LVU32
 121 0000 00B5     		push	{lr}
 122              	.LCFI1:
 123              		.cfi_def_cfa_offset 4
 124              		.cfi_offset 14, -4
 125 0002 89B0     		sub	sp, sp, #36
 126              	.LCFI2:
 127              		.cfi_def_cfa_offset 40
  64:Core/Src/spi.c **** 
  65:Core/Src/spi.c ****   GPIO_InitTypeDef GPIO_InitStruct = {0};
 128              		.loc 1 65 3 is_stmt 1 view .LVU33
 129              		.loc 1 65 20 is_stmt 0 view .LVU34
 130 0004 0023     		movs	r3, #0
 131 0006 0393     		str	r3, [sp, #12]
 132 0008 0493     		str	r3, [sp, #16]
 133 000a 0593     		str	r3, [sp, #20]
 134 000c 0693     		str	r3, [sp, #24]
 135 000e 0793     		str	r3, [sp, #28]
  66:Core/Src/spi.c ****   if(spiHandle->Instance==SPI1)
 136              		.loc 1 66 3 is_stmt 1 view .LVU35
 137              		.loc 1 66 15 is_stmt 0 view .LVU36
 138 0010 0268     		ldr	r2, [r0]
 139              		.loc 1 66 5 view .LVU37
 140 0012 144B     		ldr	r3, .L11
 141 0014 9A42     		cmp	r2, r3
 142 0016 01D0     		beq	.L10
 143              	.LVL3:
 144              	.L7:
  67:Core/Src/spi.c ****   {
  68:Core/Src/spi.c ****   /* USER CODE BEGIN SPI1_MspInit 0 */
  69:Core/Src/spi.c **** 
  70:Core/Src/spi.c ****   /* USER CODE END SPI1_MspInit 0 */
  71:Core/Src/spi.c ****     /* SPI1 clock enable */
  72:Core/Src/spi.c ****     __HAL_RCC_SPI1_CLK_ENABLE();
  73:Core/Src/spi.c **** 
  74:Core/Src/spi.c ****     __HAL_RCC_GPIOA_CLK_ENABLE();
  75:Core/Src/spi.c ****     /**SPI1 GPIO Configuration
  76:Core/Src/spi.c ****     PA5     ------> SPI1_SCK
  77:Core/Src/spi.c ****     PA6     ------> SPI1_MISO
  78:Core/Src/spi.c ****     PA7     ------> SPI1_MOSI
  79:Core/Src/spi.c ****     */
  80:Core/Src/spi.c ****     GPIO_InitStruct.Pin = GPIO_PIN_5|GPIO_PIN_6|GPIO_PIN_7;
  81:Core/Src/spi.c ****     GPIO_InitStruct.Mode = GPIO_MODE_AF_PP;
  82:Core/Src/spi.c ****     GPIO_InitStruct.Pull = GPIO_NOPULL;
  83:Core/Src/spi.c ****     GPIO_InitStruct.Speed = GPIO_SPEED_FREQ_VERY_HIGH;
  84:Core/Src/spi.c ****     GPIO_InitStruct.Alternate = GPIO_AF5_SPI1;
  85:Core/Src/spi.c ****     HAL_GPIO_Init(GPIOA, &GPIO_InitStruct);
  86:Core/Src/spi.c **** 
ARM GAS  C:\Users\DELL\AppData\Local\Temp\ccDjAice.s 			page 5


  87:Core/Src/spi.c ****   /* USER CODE BEGIN SPI1_MspInit 1 */
  88:Core/Src/spi.c **** 
  89:Core/Src/spi.c ****   /* USER CODE END SPI1_MspInit 1 */
  90:Core/Src/spi.c ****   }
  91:Core/Src/spi.c **** }
 145              		.loc 1 91 1 view .LVU38
 146 0018 09B0     		add	sp, sp, #36
 147              	.LCFI3:
 148              		.cfi_remember_state
 149              		.cfi_def_cfa_offset 4
 150              		@ sp needed
 151 001a 00BD     		pop	{pc}
 152              	.LVL4:
 153              	.L10:
 154              	.LCFI4:
 155              		.cfi_restore_state
  72:Core/Src/spi.c **** 
 156              		.loc 1 72 5 is_stmt 1 view .LVU39
 157              	.LBB2:
  72:Core/Src/spi.c **** 
 158              		.loc 1 72 5 view .LVU40
 159 001c 0021     		movs	r1, #0
 160 001e 0191     		str	r1, [sp, #4]
  72:Core/Src/spi.c **** 
 161              		.loc 1 72 5 view .LVU41
 162 0020 03F58433 		add	r3, r3, #67584
 163 0024 5A6C     		ldr	r2, [r3, #68]
 164 0026 42F48052 		orr	r2, r2, #4096
 165 002a 5A64     		str	r2, [r3, #68]
  72:Core/Src/spi.c **** 
 166              		.loc 1 72 5 view .LVU42
 167 002c 5A6C     		ldr	r2, [r3, #68]
 168 002e 02F48052 		and	r2, r2, #4096
 169 0032 0192     		str	r2, [sp, #4]
  72:Core/Src/spi.c **** 
 170              		.loc 1 72 5 view .LVU43
 171 0034 019A     		ldr	r2, [sp, #4]
 172              	.LBE2:
  72:Core/Src/spi.c **** 
 173              		.loc 1 72 5 view .LVU44
  74:Core/Src/spi.c ****     /**SPI1 GPIO Configuration
 174              		.loc 1 74 5 view .LVU45
 175              	.LBB3:
  74:Core/Src/spi.c ****     /**SPI1 GPIO Configuration
 176              		.loc 1 74 5 view .LVU46
 177 0036 0291     		str	r1, [sp, #8]
  74:Core/Src/spi.c ****     /**SPI1 GPIO Configuration
 178              		.loc 1 74 5 view .LVU47
 179 0038 1A6B     		ldr	r2, [r3, #48]
 180 003a 42F00102 		orr	r2, r2, #1
 181 003e 1A63     		str	r2, [r3, #48]
  74:Core/Src/spi.c ****     /**SPI1 GPIO Configuration
 182              		.loc 1 74 5 view .LVU48
 183 0040 1B6B     		ldr	r3, [r3, #48]
 184 0042 03F00103 		and	r3, r3, #1
 185 0046 0293     		str	r3, [sp, #8]
  74:Core/Src/spi.c ****     /**SPI1 GPIO Configuration
ARM GAS  C:\Users\DELL\AppData\Local\Temp\ccDjAice.s 			page 6


 186              		.loc 1 74 5 view .LVU49
 187 0048 029B     		ldr	r3, [sp, #8]
 188              	.LBE3:
  74:Core/Src/spi.c ****     /**SPI1 GPIO Configuration
 189              		.loc 1 74 5 view .LVU50
  80:Core/Src/spi.c ****     GPIO_InitStruct.Mode = GPIO_MODE_AF_PP;
 190              		.loc 1 80 5 view .LVU51
  80:Core/Src/spi.c ****     GPIO_InitStruct.Mode = GPIO_MODE_AF_PP;
 191              		.loc 1 80 25 is_stmt 0 view .LVU52
 192 004a E023     		movs	r3, #224
 193 004c 0393     		str	r3, [sp, #12]
  81:Core/Src/spi.c ****     GPIO_InitStruct.Pull = GPIO_NOPULL;
 194              		.loc 1 81 5 is_stmt 1 view .LVU53
  81:Core/Src/spi.c ****     GPIO_InitStruct.Pull = GPIO_NOPULL;
 195              		.loc 1 81 26 is_stmt 0 view .LVU54
 196 004e 0223     		movs	r3, #2
 197 0050 0493     		str	r3, [sp, #16]
  82:Core/Src/spi.c ****     GPIO_InitStruct.Speed = GPIO_SPEED_FREQ_VERY_HIGH;
 198              		.loc 1 82 5 is_stmt 1 view .LVU55
  83:Core/Src/spi.c ****     GPIO_InitStruct.Alternate = GPIO_AF5_SPI1;
 199              		.loc 1 83 5 view .LVU56
  83:Core/Src/spi.c ****     GPIO_InitStruct.Alternate = GPIO_AF5_SPI1;
 200              		.loc 1 83 27 is_stmt 0 view .LVU57
 201 0052 0323     		movs	r3, #3
 202 0054 0693     		str	r3, [sp, #24]
  84:Core/Src/spi.c ****     HAL_GPIO_Init(GPIOA, &GPIO_InitStruct);
 203              		.loc 1 84 5 is_stmt 1 view .LVU58
  84:Core/Src/spi.c ****     HAL_GPIO_Init(GPIOA, &GPIO_InitStruct);
 204              		.loc 1 84 31 is_stmt 0 view .LVU59
 205 0056 0523     		movs	r3, #5
 206 0058 0793     		str	r3, [sp, #28]
  85:Core/Src/spi.c **** 
 207              		.loc 1 85 5 is_stmt 1 view .LVU60
 208 005a 03A9     		add	r1, sp, #12
 209 005c 0248     		ldr	r0, .L11+4
 210              	.LVL5:
  85:Core/Src/spi.c **** 
 211              		.loc 1 85 5 is_stmt 0 view .LVU61
 212 005e FFF7FEFF 		bl	HAL_GPIO_Init
 213              	.LVL6:
 214              		.loc 1 91 1 view .LVU62
 215 0062 D9E7     		b	.L7
 216              	.L12:
 217              		.align	2
 218              	.L11:
 219 0064 00300140 		.word	1073819648
 220 0068 00000240 		.word	1073872896
 221              		.cfi_endproc
 222              	.LFE135:
 224              		.section	.text.HAL_SPI_MspDeInit,"ax",%progbits
 225              		.align	1
 226              		.global	HAL_SPI_MspDeInit
 227              		.syntax unified
 228              		.thumb
 229              		.thumb_func
 231              	HAL_SPI_MspDeInit:
 232              	.LVL7:
ARM GAS  C:\Users\DELL\AppData\Local\Temp\ccDjAice.s 			page 7


 233              	.LFB136:
  92:Core/Src/spi.c **** 
  93:Core/Src/spi.c **** void HAL_SPI_MspDeInit(SPI_HandleTypeDef* spiHandle)
  94:Core/Src/spi.c **** {
 234              		.loc 1 94 1 is_stmt 1 view -0
 235              		.cfi_startproc
 236              		@ args = 0, pretend = 0, frame = 0
 237              		@ frame_needed = 0, uses_anonymous_args = 0
 238              		.loc 1 94 1 is_stmt 0 view .LVU64
 239 0000 08B5     		push	{r3, lr}
 240              	.LCFI5:
 241              		.cfi_def_cfa_offset 8
 242              		.cfi_offset 3, -8
 243              		.cfi_offset 14, -4
  95:Core/Src/spi.c **** 
  96:Core/Src/spi.c ****   if(spiHandle->Instance==SPI1)
 244              		.loc 1 96 3 is_stmt 1 view .LVU65
 245              		.loc 1 96 15 is_stmt 0 view .LVU66
 246 0002 0268     		ldr	r2, [r0]
 247              		.loc 1 96 5 view .LVU67
 248 0004 064B     		ldr	r3, .L17
 249 0006 9A42     		cmp	r2, r3
 250 0008 00D0     		beq	.L16
 251              	.LVL8:
 252              	.L13:
  97:Core/Src/spi.c ****   {
  98:Core/Src/spi.c ****   /* USER CODE BEGIN SPI1_MspDeInit 0 */
  99:Core/Src/spi.c **** 
 100:Core/Src/spi.c ****   /* USER CODE END SPI1_MspDeInit 0 */
 101:Core/Src/spi.c ****     /* Peripheral clock disable */
 102:Core/Src/spi.c ****     __HAL_RCC_SPI1_CLK_DISABLE();
 103:Core/Src/spi.c **** 
 104:Core/Src/spi.c ****     /**SPI1 GPIO Configuration
 105:Core/Src/spi.c ****     PA5     ------> SPI1_SCK
 106:Core/Src/spi.c ****     PA6     ------> SPI1_MISO
 107:Core/Src/spi.c ****     PA7     ------> SPI1_MOSI
 108:Core/Src/spi.c ****     */
 109:Core/Src/spi.c ****     HAL_GPIO_DeInit(GPIOA, GPIO_PIN_5|GPIO_PIN_6|GPIO_PIN_7);
 110:Core/Src/spi.c **** 
 111:Core/Src/spi.c ****   /* USER CODE BEGIN SPI1_MspDeInit 1 */
 112:Core/Src/spi.c **** 
 113:Core/Src/spi.c ****   /* USER CODE END SPI1_MspDeInit 1 */
 114:Core/Src/spi.c ****   }
 115:Core/Src/spi.c **** }
 253              		.loc 1 115 1 view .LVU68
 254 000a 08BD     		pop	{r3, pc}
 255              	.LVL9:
 256              	.L16:
 102:Core/Src/spi.c **** 
 257              		.loc 1 102 5 is_stmt 1 view .LVU69
 258 000c 054A     		ldr	r2, .L17+4
 259 000e 536C     		ldr	r3, [r2, #68]
 260 0010 23F48053 		bic	r3, r3, #4096
 261 0014 5364     		str	r3, [r2, #68]
 109:Core/Src/spi.c **** 
 262              		.loc 1 109 5 view .LVU70
 263 0016 E021     		movs	r1, #224
ARM GAS  C:\Users\DELL\AppData\Local\Temp\ccDjAice.s 			page 8


 264 0018 0348     		ldr	r0, .L17+8
 265              	.LVL10:
 109:Core/Src/spi.c **** 
 266              		.loc 1 109 5 is_stmt 0 view .LVU71
 267 001a FFF7FEFF 		bl	HAL_GPIO_DeInit
 268              	.LVL11:
 269              		.loc 1 115 1 view .LVU72
 270 001e F4E7     		b	.L13
 271              	.L18:
 272              		.align	2
 273              	.L17:
 274 0020 00300140 		.word	1073819648
 275 0024 00380240 		.word	1073887232
 276 0028 00000240 		.word	1073872896
 277              		.cfi_endproc
 278              	.LFE136:
 280              		.global	hspi1
 281              		.section	.bss.hspi1,"aw",%nobits
 282              		.align	2
 285              	hspi1:
 286 0000 00000000 		.space	88
 286      00000000 
 286      00000000 
 286      00000000 
 286      00000000 
 287              		.text
 288              	.Letext0:
 289              		.file 2 "D:\\stm32cubeclt\\STM32CubeCLT_1.21.0\\GNU-tools-for-STM32\\bin\\../lib/gcc/arm-none-eabi
 290              		.file 3 "D:\\stm32cubeclt\\STM32CubeCLT_1.21.0\\GNU-tools-for-STM32\\bin\\../lib/gcc/arm-none-eabi
 291              		.file 4 "Drivers/CMSIS/Device/ST/STM32F4xx/Include/stm32f407xx.h"
 292              		.file 5 "Drivers/STM32F4xx_HAL_Driver/Inc/stm32f4xx_hal_def.h"
 293              		.file 6 "Drivers/STM32F4xx_HAL_Driver/Inc/stm32f4xx_hal_gpio.h"
 294              		.file 7 "Drivers/STM32F4xx_HAL_Driver/Inc/stm32f4xx_hal_dma.h"
 295              		.file 8 "Drivers/STM32F4xx_HAL_Driver/Inc/stm32f4xx_hal_spi.h"
 296              		.file 9 "Core/Inc/spi.h"
 297              		.file 10 "Core/Inc/main.h"
ARM GAS  C:\Users\DELL\AppData\Local\Temp\ccDjAice.s 			page 9


DEFINED SYMBOLS
                            *ABS*:00000000 spi.c
C:\Users\DELL\AppData\Local\Temp\ccDjAice.s:21     .text.MX_SPI1_Init:00000000 $t
C:\Users\DELL\AppData\Local\Temp\ccDjAice.s:27     .text.MX_SPI1_Init:00000000 MX_SPI1_Init
C:\Users\DELL\AppData\Local\Temp\ccDjAice.s:101    .text.MX_SPI1_Init:00000040 $d
C:\Users\DELL\AppData\Local\Temp\ccDjAice.s:285    .bss.hspi1:00000000 hspi1
C:\Users\DELL\AppData\Local\Temp\ccDjAice.s:107    .text.HAL_SPI_MspInit:00000000 $t
C:\Users\DELL\AppData\Local\Temp\ccDjAice.s:113    .text.HAL_SPI_MspInit:00000000 HAL_SPI_MspInit
C:\Users\DELL\AppData\Local\Temp\ccDjAice.s:219    .text.HAL_SPI_MspInit:00000064 $d
C:\Users\DELL\AppData\Local\Temp\ccDjAice.s:225    .text.HAL_SPI_MspDeInit:00000000 $t
C:\Users\DELL\AppData\Local\Temp\ccDjAice.s:231    .text.HAL_SPI_MspDeInit:00000000 HAL_SPI_MspDeInit
C:\Users\DELL\AppData\Local\Temp\ccDjAice.s:274    .text.HAL_SPI_MspDeInit:00000020 $d
C:\Users\DELL\AppData\Local\Temp\ccDjAice.s:282    .bss.hspi1:00000000 $d

UNDEFINED SYMBOLS
HAL_SPI_Init
Error_Handler
HAL_GPIO_Init
HAL_GPIO_DeInit
