ARM GAS  C:\Users\DELL\AppData\Local\Temp\ccsrHxBg.s 			page 1


   1              		.cpu cortex-m4
   2              		.arch armv7e-m
   3              		.fpu fpv4-sp-d16
   4              		.eabi_attribute 27, 1
   5              		.eabi_attribute 28, 1
   6              		.eabi_attribute 20, 1
   7              		.eabi_attribute 21, 1
   8              		.eabi_attribute 23, 3
   9              		.eabi_attribute 24, 1
  10              		.eabi_attribute 25, 1
  11              		.eabi_attribute 26, 1
  12              		.eabi_attribute 30, 1
  13              		.eabi_attribute 34, 1
  14              		.eabi_attribute 18, 4
  15              		.file	"usart.c"
  16              		.text
  17              	.Ltext0:
  18              		.cfi_sections	.debug_frame
  19              		.file 1 "Core/Src/usart.c"
  20              		.section	.text.MX_UART5_Init,"ax",%progbits
  21              		.align	1
  22              		.global	MX_UART5_Init
  23              		.syntax unified
  24              		.thumb
  25              		.thumb_func
  27              	MX_UART5_Init:
  28              	.LFB134:
   1:Core/Src/usart.c **** /* USER CODE BEGIN Header */
   2:Core/Src/usart.c **** /**
   3:Core/Src/usart.c ****   ******************************************************************************
   4:Core/Src/usart.c ****   * @file    usart.c
   5:Core/Src/usart.c ****   * @brief   This file provides code for the configuration
   6:Core/Src/usart.c ****   *          of the USART instances.
   7:Core/Src/usart.c ****   ******************************************************************************
   8:Core/Src/usart.c ****   * @attention
   9:Core/Src/usart.c ****   *
  10:Core/Src/usart.c ****   * Copyright (c) 2026 STMicroelectronics.
  11:Core/Src/usart.c ****   * All rights reserved.
  12:Core/Src/usart.c ****   *
  13:Core/Src/usart.c ****   * This software is licensed under terms that can be found in the LICENSE file
  14:Core/Src/usart.c ****   * in the root directory of this software component.
  15:Core/Src/usart.c ****   * If no LICENSE file comes with this software, it is provided AS-IS.
  16:Core/Src/usart.c ****   *
  17:Core/Src/usart.c ****   ******************************************************************************
  18:Core/Src/usart.c ****   */
  19:Core/Src/usart.c **** /* USER CODE END Header */
  20:Core/Src/usart.c **** /* Includes ------------------------------------------------------------------*/
  21:Core/Src/usart.c **** #include "usart.h"
  22:Core/Src/usart.c **** 
  23:Core/Src/usart.c **** /* USER CODE BEGIN 0 */
  24:Core/Src/usart.c **** 
  25:Core/Src/usart.c **** /* USER CODE END 0 */
  26:Core/Src/usart.c **** 
  27:Core/Src/usart.c **** UART_HandleTypeDef huart5;
  28:Core/Src/usart.c **** 
  29:Core/Src/usart.c **** /* UART5 init function */
  30:Core/Src/usart.c **** void MX_UART5_Init(void)
ARM GAS  C:\Users\DELL\AppData\Local\Temp\ccsrHxBg.s 			page 2


  31:Core/Src/usart.c **** {
  29              		.loc 1 31 1 view -0
  30              		.cfi_startproc
  31              		@ args = 0, pretend = 0, frame = 0
  32              		@ frame_needed = 0, uses_anonymous_args = 0
  33 0000 08B5     		push	{r3, lr}
  34              	.LCFI0:
  35              		.cfi_def_cfa_offset 8
  36              		.cfi_offset 3, -8
  37              		.cfi_offset 14, -4
  32:Core/Src/usart.c **** 
  33:Core/Src/usart.c ****   /* USER CODE BEGIN UART5_Init 0 */
  34:Core/Src/usart.c **** 
  35:Core/Src/usart.c ****   /* USER CODE END UART5_Init 0 */
  36:Core/Src/usart.c **** 
  37:Core/Src/usart.c ****   /* USER CODE BEGIN UART5_Init 1 */
  38:Core/Src/usart.c **** 
  39:Core/Src/usart.c ****   /* USER CODE END UART5_Init 1 */
  40:Core/Src/usart.c ****   huart5.Instance = UART5;
  38              		.loc 1 40 3 view .LVU1
  39              		.loc 1 40 19 is_stmt 0 view .LVU2
  40 0002 0A48     		ldr	r0, .L5
  41 0004 0A4B     		ldr	r3, .L5+4
  42 0006 0360     		str	r3, [r0]
  41:Core/Src/usart.c ****   huart5.Init.BaudRate = 115200;
  43              		.loc 1 41 3 is_stmt 1 view .LVU3
  44              		.loc 1 41 24 is_stmt 0 view .LVU4
  45 0008 4FF4E133 		mov	r3, #115200
  46 000c 4360     		str	r3, [r0, #4]
  42:Core/Src/usart.c ****   huart5.Init.WordLength = UART_WORDLENGTH_8B;
  47              		.loc 1 42 3 is_stmt 1 view .LVU5
  48              		.loc 1 42 26 is_stmt 0 view .LVU6
  49 000e 0023     		movs	r3, #0
  50 0010 8360     		str	r3, [r0, #8]
  43:Core/Src/usart.c ****   huart5.Init.StopBits = UART_STOPBITS_1;
  51              		.loc 1 43 3 is_stmt 1 view .LVU7
  52              		.loc 1 43 24 is_stmt 0 view .LVU8
  53 0012 C360     		str	r3, [r0, #12]
  44:Core/Src/usart.c ****   huart5.Init.Parity = UART_PARITY_NONE;
  54              		.loc 1 44 3 is_stmt 1 view .LVU9
  55              		.loc 1 44 22 is_stmt 0 view .LVU10
  56 0014 0361     		str	r3, [r0, #16]
  45:Core/Src/usart.c ****   huart5.Init.Mode = UART_MODE_TX_RX;
  57              		.loc 1 45 3 is_stmt 1 view .LVU11
  58              		.loc 1 45 20 is_stmt 0 view .LVU12
  59 0016 0C22     		movs	r2, #12
  60 0018 4261     		str	r2, [r0, #20]
  46:Core/Src/usart.c ****   huart5.Init.HwFlowCtl = UART_HWCONTROL_NONE;
  61              		.loc 1 46 3 is_stmt 1 view .LVU13
  62              		.loc 1 46 25 is_stmt 0 view .LVU14
  63 001a 8361     		str	r3, [r0, #24]
  47:Core/Src/usart.c ****   huart5.Init.OverSampling = UART_OVERSAMPLING_16;
  64              		.loc 1 47 3 is_stmt 1 view .LVU15
  65              		.loc 1 47 28 is_stmt 0 view .LVU16
  66 001c C361     		str	r3, [r0, #28]
  48:Core/Src/usart.c ****   if (HAL_UART_Init(&huart5) != HAL_OK)
  67              		.loc 1 48 3 is_stmt 1 view .LVU17
ARM GAS  C:\Users\DELL\AppData\Local\Temp\ccsrHxBg.s 			page 3


  68              		.loc 1 48 7 is_stmt 0 view .LVU18
  69 001e FFF7FEFF 		bl	HAL_UART_Init
  70              	.LVL0:
  71              		.loc 1 48 6 discriminator 1 view .LVU19
  72 0022 00B9     		cbnz	r0, .L4
  73              	.L1:
  49:Core/Src/usart.c ****   {
  50:Core/Src/usart.c ****     Error_Handler();
  51:Core/Src/usart.c ****   }
  52:Core/Src/usart.c ****   /* USER CODE BEGIN UART5_Init 2 */
  53:Core/Src/usart.c **** 
  54:Core/Src/usart.c ****   /* USER CODE END UART5_Init 2 */
  55:Core/Src/usart.c **** 
  56:Core/Src/usart.c **** }
  74              		.loc 1 56 1 view .LVU20
  75 0024 08BD     		pop	{r3, pc}
  76              	.L4:
  50:Core/Src/usart.c ****   }
  77              		.loc 1 50 5 is_stmt 1 view .LVU21
  78 0026 FFF7FEFF 		bl	Error_Handler
  79              	.LVL1:
  80              		.loc 1 56 1 is_stmt 0 view .LVU22
  81 002a FBE7     		b	.L1
  82              	.L6:
  83              		.align	2
  84              	.L5:
  85 002c 00000000 		.word	huart5
  86 0030 00500040 		.word	1073762304
  87              		.cfi_endproc
  88              	.LFE134:
  90              		.section	.text.HAL_UART_MspInit,"ax",%progbits
  91              		.align	1
  92              		.global	HAL_UART_MspInit
  93              		.syntax unified
  94              		.thumb
  95              		.thumb_func
  97              	HAL_UART_MspInit:
  98              	.LVL2:
  99              	.LFB135:
  57:Core/Src/usart.c **** 
  58:Core/Src/usart.c **** void HAL_UART_MspInit(UART_HandleTypeDef* uartHandle)
  59:Core/Src/usart.c **** {
 100              		.loc 1 59 1 is_stmt 1 view -0
 101              		.cfi_startproc
 102              		@ args = 0, pretend = 0, frame = 32
 103              		@ frame_needed = 0, uses_anonymous_args = 0
 104              		.loc 1 59 1 is_stmt 0 view .LVU24
 105 0000 2DE9F041 		push	{r4, r5, r6, r7, r8, lr}
 106              	.LCFI1:
 107              		.cfi_def_cfa_offset 24
 108              		.cfi_offset 4, -24
 109              		.cfi_offset 5, -20
 110              		.cfi_offset 6, -16
 111              		.cfi_offset 7, -12
 112              		.cfi_offset 8, -8
 113              		.cfi_offset 14, -4
 114 0004 88B0     		sub	sp, sp, #32
ARM GAS  C:\Users\DELL\AppData\Local\Temp\ccsrHxBg.s 			page 4


 115              	.LCFI2:
 116              		.cfi_def_cfa_offset 56
  60:Core/Src/usart.c **** 
  61:Core/Src/usart.c ****   GPIO_InitTypeDef GPIO_InitStruct = {0};
 117              		.loc 1 61 3 is_stmt 1 view .LVU25
 118              		.loc 1 61 20 is_stmt 0 view .LVU26
 119 0006 0023     		movs	r3, #0
 120 0008 0393     		str	r3, [sp, #12]
 121 000a 0493     		str	r3, [sp, #16]
 122 000c 0593     		str	r3, [sp, #20]
 123 000e 0693     		str	r3, [sp, #24]
 124 0010 0793     		str	r3, [sp, #28]
  62:Core/Src/usart.c ****   if(uartHandle->Instance==UART5)
 125              		.loc 1 62 3 is_stmt 1 view .LVU27
 126              		.loc 1 62 16 is_stmt 0 view .LVU28
 127 0012 0268     		ldr	r2, [r0]
 128              		.loc 1 62 5 view .LVU29
 129 0014 214B     		ldr	r3, .L11
 130 0016 9A42     		cmp	r2, r3
 131 0018 02D0     		beq	.L10
 132              	.LVL3:
 133              	.L7:
  63:Core/Src/usart.c ****   {
  64:Core/Src/usart.c ****   /* USER CODE BEGIN UART5_MspInit 0 */
  65:Core/Src/usart.c **** 
  66:Core/Src/usart.c ****   /* USER CODE END UART5_MspInit 0 */
  67:Core/Src/usart.c ****     /* UART5 clock enable */
  68:Core/Src/usart.c ****     __HAL_RCC_UART5_CLK_ENABLE();
  69:Core/Src/usart.c **** 
  70:Core/Src/usart.c ****     __HAL_RCC_GPIOC_CLK_ENABLE();
  71:Core/Src/usart.c ****     __HAL_RCC_GPIOD_CLK_ENABLE();
  72:Core/Src/usart.c ****     /**UART5 GPIO Configuration
  73:Core/Src/usart.c ****     PC12     ------> UART5_TX
  74:Core/Src/usart.c ****     PD2     ------> UART5_RX
  75:Core/Src/usart.c ****     */
  76:Core/Src/usart.c ****     GPIO_InitStruct.Pin = GPIO_PIN_12;
  77:Core/Src/usart.c ****     GPIO_InitStruct.Mode = GPIO_MODE_AF_PP;
  78:Core/Src/usart.c ****     GPIO_InitStruct.Pull = GPIO_NOPULL;
  79:Core/Src/usart.c ****     GPIO_InitStruct.Speed = GPIO_SPEED_FREQ_VERY_HIGH;
  80:Core/Src/usart.c ****     GPIO_InitStruct.Alternate = GPIO_AF8_UART5;
  81:Core/Src/usart.c ****     HAL_GPIO_Init(GPIOC, &GPIO_InitStruct);
  82:Core/Src/usart.c **** 
  83:Core/Src/usart.c ****     GPIO_InitStruct.Pin = GPIO_PIN_2;
  84:Core/Src/usart.c ****     GPIO_InitStruct.Mode = GPIO_MODE_AF_PP;
  85:Core/Src/usart.c ****     GPIO_InitStruct.Pull = GPIO_NOPULL;
  86:Core/Src/usart.c ****     GPIO_InitStruct.Speed = GPIO_SPEED_FREQ_VERY_HIGH;
  87:Core/Src/usart.c ****     GPIO_InitStruct.Alternate = GPIO_AF8_UART5;
  88:Core/Src/usart.c ****     HAL_GPIO_Init(GPIOD, &GPIO_InitStruct);
  89:Core/Src/usart.c **** 
  90:Core/Src/usart.c ****   /* USER CODE BEGIN UART5_MspInit 1 */
  91:Core/Src/usart.c **** 
  92:Core/Src/usart.c ****   /* USER CODE END UART5_MspInit 1 */
  93:Core/Src/usart.c ****   }
  94:Core/Src/usart.c **** }
 134              		.loc 1 94 1 view .LVU30
 135 001a 08B0     		add	sp, sp, #32
 136              	.LCFI3:
ARM GAS  C:\Users\DELL\AppData\Local\Temp\ccsrHxBg.s 			page 5


 137              		.cfi_remember_state
 138              		.cfi_def_cfa_offset 24
 139              		@ sp needed
 140 001c BDE8F081 		pop	{r4, r5, r6, r7, r8, pc}
 141              	.LVL4:
 142              	.L10:
 143              	.LCFI4:
 144              		.cfi_restore_state
  68:Core/Src/usart.c **** 
 145              		.loc 1 68 5 is_stmt 1 view .LVU31
 146              	.LBB2:
  68:Core/Src/usart.c **** 
 147              		.loc 1 68 5 view .LVU32
 148 0020 0024     		movs	r4, #0
 149 0022 0094     		str	r4, [sp]
  68:Core/Src/usart.c **** 
 150              		.loc 1 68 5 view .LVU33
 151 0024 03F5F433 		add	r3, r3, #124928
 152 0028 1A6C     		ldr	r2, [r3, #64]
 153 002a 42F48012 		orr	r2, r2, #1048576
 154 002e 1A64     		str	r2, [r3, #64]
  68:Core/Src/usart.c **** 
 155              		.loc 1 68 5 view .LVU34
 156 0030 1A6C     		ldr	r2, [r3, #64]
 157 0032 02F48012 		and	r2, r2, #1048576
 158 0036 0092     		str	r2, [sp]
  68:Core/Src/usart.c **** 
 159              		.loc 1 68 5 view .LVU35
 160 0038 009A     		ldr	r2, [sp]
 161              	.LBE2:
  68:Core/Src/usart.c **** 
 162              		.loc 1 68 5 view .LVU36
  70:Core/Src/usart.c ****     __HAL_RCC_GPIOD_CLK_ENABLE();
 163              		.loc 1 70 5 view .LVU37
 164              	.LBB3:
  70:Core/Src/usart.c ****     __HAL_RCC_GPIOD_CLK_ENABLE();
 165              		.loc 1 70 5 view .LVU38
 166 003a 0194     		str	r4, [sp, #4]
  70:Core/Src/usart.c ****     __HAL_RCC_GPIOD_CLK_ENABLE();
 167              		.loc 1 70 5 view .LVU39
 168 003c 1A6B     		ldr	r2, [r3, #48]
 169 003e 42F00402 		orr	r2, r2, #4
 170 0042 1A63     		str	r2, [r3, #48]
  70:Core/Src/usart.c ****     __HAL_RCC_GPIOD_CLK_ENABLE();
 171              		.loc 1 70 5 view .LVU40
 172 0044 1A6B     		ldr	r2, [r3, #48]
 173 0046 02F00402 		and	r2, r2, #4
 174 004a 0192     		str	r2, [sp, #4]
  70:Core/Src/usart.c ****     __HAL_RCC_GPIOD_CLK_ENABLE();
 175              		.loc 1 70 5 view .LVU41
 176 004c 019A     		ldr	r2, [sp, #4]
 177              	.LBE3:
  70:Core/Src/usart.c ****     __HAL_RCC_GPIOD_CLK_ENABLE();
 178              		.loc 1 70 5 view .LVU42
  71:Core/Src/usart.c ****     /**UART5 GPIO Configuration
 179              		.loc 1 71 5 view .LVU43
 180              	.LBB4:
ARM GAS  C:\Users\DELL\AppData\Local\Temp\ccsrHxBg.s 			page 6


  71:Core/Src/usart.c ****     /**UART5 GPIO Configuration
 181              		.loc 1 71 5 view .LVU44
 182 004e 0294     		str	r4, [sp, #8]
  71:Core/Src/usart.c ****     /**UART5 GPIO Configuration
 183              		.loc 1 71 5 view .LVU45
 184 0050 1A6B     		ldr	r2, [r3, #48]
 185 0052 42F00802 		orr	r2, r2, #8
 186 0056 1A63     		str	r2, [r3, #48]
  71:Core/Src/usart.c ****     /**UART5 GPIO Configuration
 187              		.loc 1 71 5 view .LVU46
 188 0058 1B6B     		ldr	r3, [r3, #48]
 189 005a 03F00803 		and	r3, r3, #8
 190 005e 0293     		str	r3, [sp, #8]
  71:Core/Src/usart.c ****     /**UART5 GPIO Configuration
 191              		.loc 1 71 5 view .LVU47
 192 0060 029B     		ldr	r3, [sp, #8]
 193              	.LBE4:
  71:Core/Src/usart.c ****     /**UART5 GPIO Configuration
 194              		.loc 1 71 5 view .LVU48
  76:Core/Src/usart.c ****     GPIO_InitStruct.Mode = GPIO_MODE_AF_PP;
 195              		.loc 1 76 5 view .LVU49
  76:Core/Src/usart.c ****     GPIO_InitStruct.Mode = GPIO_MODE_AF_PP;
 196              		.loc 1 76 25 is_stmt 0 view .LVU50
 197 0062 4FF48053 		mov	r3, #4096
 198 0066 0393     		str	r3, [sp, #12]
  77:Core/Src/usart.c ****     GPIO_InitStruct.Pull = GPIO_NOPULL;
 199              		.loc 1 77 5 is_stmt 1 view .LVU51
  77:Core/Src/usart.c ****     GPIO_InitStruct.Pull = GPIO_NOPULL;
 200              		.loc 1 77 26 is_stmt 0 view .LVU52
 201 0068 4FF00208 		mov	r8, #2
 202 006c CDF81080 		str	r8, [sp, #16]
  78:Core/Src/usart.c ****     GPIO_InitStruct.Speed = GPIO_SPEED_FREQ_VERY_HIGH;
 203              		.loc 1 78 5 is_stmt 1 view .LVU53
  79:Core/Src/usart.c ****     GPIO_InitStruct.Alternate = GPIO_AF8_UART5;
 204              		.loc 1 79 5 view .LVU54
  79:Core/Src/usart.c ****     GPIO_InitStruct.Alternate = GPIO_AF8_UART5;
 205              		.loc 1 79 27 is_stmt 0 view .LVU55
 206 0070 0327     		movs	r7, #3
 207 0072 0697     		str	r7, [sp, #24]
  80:Core/Src/usart.c ****     HAL_GPIO_Init(GPIOC, &GPIO_InitStruct);
 208              		.loc 1 80 5 is_stmt 1 view .LVU56
  80:Core/Src/usart.c ****     HAL_GPIO_Init(GPIOC, &GPIO_InitStruct);
 209              		.loc 1 80 31 is_stmt 0 view .LVU57
 210 0074 0826     		movs	r6, #8
 211 0076 0796     		str	r6, [sp, #28]
  81:Core/Src/usart.c **** 
 212              		.loc 1 81 5 is_stmt 1 view .LVU58
 213 0078 03AD     		add	r5, sp, #12
 214 007a 2946     		mov	r1, r5
 215 007c 0848     		ldr	r0, .L11+4
 216              	.LVL5:
  81:Core/Src/usart.c **** 
 217              		.loc 1 81 5 is_stmt 0 view .LVU59
 218 007e FFF7FEFF 		bl	HAL_GPIO_Init
 219              	.LVL6:
  83:Core/Src/usart.c ****     GPIO_InitStruct.Mode = GPIO_MODE_AF_PP;
 220              		.loc 1 83 5 is_stmt 1 view .LVU60
ARM GAS  C:\Users\DELL\AppData\Local\Temp\ccsrHxBg.s 			page 7


  83:Core/Src/usart.c ****     GPIO_InitStruct.Mode = GPIO_MODE_AF_PP;
 221              		.loc 1 83 25 is_stmt 0 view .LVU61
 222 0082 0423     		movs	r3, #4
 223 0084 0393     		str	r3, [sp, #12]
  84:Core/Src/usart.c ****     GPIO_InitStruct.Pull = GPIO_NOPULL;
 224              		.loc 1 84 5 is_stmt 1 view .LVU62
  84:Core/Src/usart.c ****     GPIO_InitStruct.Pull = GPIO_NOPULL;
 225              		.loc 1 84 26 is_stmt 0 view .LVU63
 226 0086 CDF81080 		str	r8, [sp, #16]
  85:Core/Src/usart.c ****     GPIO_InitStruct.Speed = GPIO_SPEED_FREQ_VERY_HIGH;
 227              		.loc 1 85 5 is_stmt 1 view .LVU64
  85:Core/Src/usart.c ****     GPIO_InitStruct.Speed = GPIO_SPEED_FREQ_VERY_HIGH;
 228              		.loc 1 85 26 is_stmt 0 view .LVU65
 229 008a 0594     		str	r4, [sp, #20]
  86:Core/Src/usart.c ****     GPIO_InitStruct.Alternate = GPIO_AF8_UART5;
 230              		.loc 1 86 5 is_stmt 1 view .LVU66
  86:Core/Src/usart.c ****     GPIO_InitStruct.Alternate = GPIO_AF8_UART5;
 231              		.loc 1 86 27 is_stmt 0 view .LVU67
 232 008c 0697     		str	r7, [sp, #24]
  87:Core/Src/usart.c ****     HAL_GPIO_Init(GPIOD, &GPIO_InitStruct);
 233              		.loc 1 87 5 is_stmt 1 view .LVU68
  87:Core/Src/usart.c ****     HAL_GPIO_Init(GPIOD, &GPIO_InitStruct);
 234              		.loc 1 87 31 is_stmt 0 view .LVU69
 235 008e 0796     		str	r6, [sp, #28]
  88:Core/Src/usart.c **** 
 236              		.loc 1 88 5 is_stmt 1 view .LVU70
 237 0090 2946     		mov	r1, r5
 238 0092 0448     		ldr	r0, .L11+8
 239 0094 FFF7FEFF 		bl	HAL_GPIO_Init
 240              	.LVL7:
 241              		.loc 1 94 1 is_stmt 0 view .LVU71
 242 0098 BFE7     		b	.L7
 243              	.L12:
 244 009a 00BF     		.align	2
 245              	.L11:
 246 009c 00500040 		.word	1073762304
 247 00a0 00080240 		.word	1073874944
 248 00a4 000C0240 		.word	1073875968
 249              		.cfi_endproc
 250              	.LFE135:
 252              		.section	.text.HAL_UART_MspDeInit,"ax",%progbits
 253              		.align	1
 254              		.global	HAL_UART_MspDeInit
 255              		.syntax unified
 256              		.thumb
 257              		.thumb_func
 259              	HAL_UART_MspDeInit:
 260              	.LVL8:
 261              	.LFB136:
  95:Core/Src/usart.c **** 
  96:Core/Src/usart.c **** void HAL_UART_MspDeInit(UART_HandleTypeDef* uartHandle)
  97:Core/Src/usart.c **** {
 262              		.loc 1 97 1 is_stmt 1 view -0
 263              		.cfi_startproc
 264              		@ args = 0, pretend = 0, frame = 0
 265              		@ frame_needed = 0, uses_anonymous_args = 0
 266              		.loc 1 97 1 is_stmt 0 view .LVU73
ARM GAS  C:\Users\DELL\AppData\Local\Temp\ccsrHxBg.s 			page 8


 267 0000 08B5     		push	{r3, lr}
 268              	.LCFI5:
 269              		.cfi_def_cfa_offset 8
 270              		.cfi_offset 3, -8
 271              		.cfi_offset 14, -4
  98:Core/Src/usart.c **** 
  99:Core/Src/usart.c ****   if(uartHandle->Instance==UART5)
 272              		.loc 1 99 3 is_stmt 1 view .LVU74
 273              		.loc 1 99 16 is_stmt 0 view .LVU75
 274 0002 0268     		ldr	r2, [r0]
 275              		.loc 1 99 5 view .LVU76
 276 0004 094B     		ldr	r3, .L17
 277 0006 9A42     		cmp	r2, r3
 278 0008 00D0     		beq	.L16
 279              	.LVL9:
 280              	.L13:
 100:Core/Src/usart.c ****   {
 101:Core/Src/usart.c ****   /* USER CODE BEGIN UART5_MspDeInit 0 */
 102:Core/Src/usart.c **** 
 103:Core/Src/usart.c ****   /* USER CODE END UART5_MspDeInit 0 */
 104:Core/Src/usart.c ****     /* Peripheral clock disable */
 105:Core/Src/usart.c ****     __HAL_RCC_UART5_CLK_DISABLE();
 106:Core/Src/usart.c **** 
 107:Core/Src/usart.c ****     /**UART5 GPIO Configuration
 108:Core/Src/usart.c ****     PC12     ------> UART5_TX
 109:Core/Src/usart.c ****     PD2     ------> UART5_RX
 110:Core/Src/usart.c ****     */
 111:Core/Src/usart.c ****     HAL_GPIO_DeInit(GPIOC, GPIO_PIN_12);
 112:Core/Src/usart.c **** 
 113:Core/Src/usart.c ****     HAL_GPIO_DeInit(GPIOD, GPIO_PIN_2);
 114:Core/Src/usart.c **** 
 115:Core/Src/usart.c ****   /* USER CODE BEGIN UART5_MspDeInit 1 */
 116:Core/Src/usart.c **** 
 117:Core/Src/usart.c ****   /* USER CODE END UART5_MspDeInit 1 */
 118:Core/Src/usart.c ****   }
 119:Core/Src/usart.c **** }
 281              		.loc 1 119 1 view .LVU77
 282 000a 08BD     		pop	{r3, pc}
 283              	.LVL10:
 284              	.L16:
 105:Core/Src/usart.c **** 
 285              		.loc 1 105 5 is_stmt 1 view .LVU78
 286 000c 084A     		ldr	r2, .L17+4
 287 000e 136C     		ldr	r3, [r2, #64]
 288 0010 23F48013 		bic	r3, r3, #1048576
 289 0014 1364     		str	r3, [r2, #64]
 111:Core/Src/usart.c **** 
 290              		.loc 1 111 5 view .LVU79
 291 0016 4FF48051 		mov	r1, #4096
 292 001a 0648     		ldr	r0, .L17+8
 293              	.LVL11:
 111:Core/Src/usart.c **** 
 294              		.loc 1 111 5 is_stmt 0 view .LVU80
 295 001c FFF7FEFF 		bl	HAL_GPIO_DeInit
 296              	.LVL12:
 113:Core/Src/usart.c **** 
 297              		.loc 1 113 5 is_stmt 1 view .LVU81
ARM GAS  C:\Users\DELL\AppData\Local\Temp\ccsrHxBg.s 			page 9


 298 0020 0421     		movs	r1, #4
 299 0022 0548     		ldr	r0, .L17+12
 300 0024 FFF7FEFF 		bl	HAL_GPIO_DeInit
 301              	.LVL13:
 302              		.loc 1 119 1 is_stmt 0 view .LVU82
 303 0028 EFE7     		b	.L13
 304              	.L18:
 305 002a 00BF     		.align	2
 306              	.L17:
 307 002c 00500040 		.word	1073762304
 308 0030 00380240 		.word	1073887232
 309 0034 00080240 		.word	1073874944
 310 0038 000C0240 		.word	1073875968
 311              		.cfi_endproc
 312              	.LFE136:
 314              		.global	huart5
 315              		.section	.bss.huart5,"aw",%nobits
 316              		.align	2
 319              	huart5:
 320 0000 00000000 		.space	72
 320      00000000 
 320      00000000 
 320      00000000 
 320      00000000 
 321              		.text
 322              	.Letext0:
 323              		.file 2 "D:\\stm32cubeclt\\STM32CubeCLT_1.21.0\\GNU-tools-for-STM32\\bin\\../lib/gcc/arm-none-eabi
 324              		.file 3 "D:\\stm32cubeclt\\STM32CubeCLT_1.21.0\\GNU-tools-for-STM32\\bin\\../lib/gcc/arm-none-eabi
 325              		.file 4 "Drivers/CMSIS/Device/ST/STM32F4xx/Include/stm32f407xx.h"
 326              		.file 5 "Drivers/STM32F4xx_HAL_Driver/Inc/stm32f4xx_hal_def.h"
 327              		.file 6 "Drivers/STM32F4xx_HAL_Driver/Inc/stm32f4xx_hal_gpio.h"
 328              		.file 7 "Drivers/STM32F4xx_HAL_Driver/Inc/stm32f4xx_hal_dma.h"
 329              		.file 8 "Drivers/STM32F4xx_HAL_Driver/Inc/stm32f4xx_hal_uart.h"
 330              		.file 9 "Core/Inc/usart.h"
 331              		.file 10 "Core/Inc/main.h"
ARM GAS  C:\Users\DELL\AppData\Local\Temp\ccsrHxBg.s 			page 10


DEFINED SYMBOLS
                            *ABS*:00000000 usart.c
C:\Users\DELL\AppData\Local\Temp\ccsrHxBg.s:21     .text.MX_UART5_Init:00000000 $t
C:\Users\DELL\AppData\Local\Temp\ccsrHxBg.s:27     .text.MX_UART5_Init:00000000 MX_UART5_Init
C:\Users\DELL\AppData\Local\Temp\ccsrHxBg.s:85     .text.MX_UART5_Init:0000002c $d
C:\Users\DELL\AppData\Local\Temp\ccsrHxBg.s:319    .bss.huart5:00000000 huart5
C:\Users\DELL\AppData\Local\Temp\ccsrHxBg.s:91     .text.HAL_UART_MspInit:00000000 $t
C:\Users\DELL\AppData\Local\Temp\ccsrHxBg.s:97     .text.HAL_UART_MspInit:00000000 HAL_UART_MspInit
C:\Users\DELL\AppData\Local\Temp\ccsrHxBg.s:246    .text.HAL_UART_MspInit:0000009c $d
C:\Users\DELL\AppData\Local\Temp\ccsrHxBg.s:253    .text.HAL_UART_MspDeInit:00000000 $t
C:\Users\DELL\AppData\Local\Temp\ccsrHxBg.s:259    .text.HAL_UART_MspDeInit:00000000 HAL_UART_MspDeInit
C:\Users\DELL\AppData\Local\Temp\ccsrHxBg.s:307    .text.HAL_UART_MspDeInit:0000002c $d
C:\Users\DELL\AppData\Local\Temp\ccsrHxBg.s:316    .bss.huart5:00000000 $d

UNDEFINED SYMBOLS
HAL_UART_Init
Error_Handler
HAL_GPIO_Init
HAL_GPIO_DeInit
